19:34:02.278 [main] INFO  testcase.TC_001_AccountRegistration - Starting the Test case TC_001_AccountRegistration ...
19:34:02.317 [main] INFO  testcase.TC_001_AccountRegistration - openning URL....
19:34:06.840 [main] INFO  testcase.TC_001_AccountRegistration - clcking on MyAccount Link ....
19:34:07.362 [main] INFO  testcase.TC_001_AccountRegistration - Clicking the Register link....
19:34:09.101 [main] INFO  testcase.TC_001_AccountRegistration - Providing urs Details....
19:34:13.681 [main] INFO  testcase.TC_001_AccountRegistration - Account Registration success...
19:34:13.683 [main] INFO  testcase.TC_001_AccountRegistration - Finished test case.....
19:35:40.719 [main] DEBUG io.netty.util.internal.logging.InternalLoggerFactory - Using Log4J2 as the default logging framework
19:35:40.730 [main] DEBUG io.netty.util.ResourceLeakDetector - -Dio.netty.leakDetection.level: simple
19:35:40.731 [main] DEBUG io.netty.util.ResourceLeakDetector - -Dio.netty.leakDetection.targetRecords: 4
19:35:40.736 [main] DEBUG io.netty.util.ResourceLeakDetectorFactory - Loaded default ResourceLeakDetector: io.netty.util.ResourceLeakDetector@1be59f28
19:35:40.769 [main] DEBUG io.netty.util.internal.PlatformDependent0 - -Dio.netty.noUnsafe: false
19:35:40.769 [main] DEBUG io.netty.util.internal.PlatformDependent0 - Java version: 16
19:35:40.770 [main] DEBUG io.netty.util.internal.PlatformDependent0 - sun.misc.Unsafe.theUnsafe: available
19:35:40.772 [main] DEBUG io.netty.util.internal.PlatformDependent0 - sun.misc.Unsafe.copyMemory: available
19:35:40.773 [main] DEBUG io.netty.util.internal.PlatformDependent0 - java.nio.Buffer.address: available
19:35:40.773 [main] DEBUG io.netty.util.internal.PlatformDependent0 - direct buffer constructor: unavailable: Reflective setAccessible(true) disabled
19:35:40.774 [main] DEBUG io.netty.util.internal.PlatformDependent0 - java.nio.Bits.unaligned: available, true
19:35:40.776 [main] DEBUG io.netty.util.internal.PlatformDependent0 - jdk.internal.misc.Unsafe.allocateUninitializedArray(int): unavailable: class io.netty.util.internal.PlatformDependent0$6 cannot access class jdk.internal.misc.Unsafe (in module java.base) because module java.base does not export jdk.internal.misc to unnamed module @42e26948
19:35:40.778 [main] DEBUG io.netty.util.internal.PlatformDependent0 - java.nio.DirectByteBuffer.<init>(long, int): unavailable
19:35:40.778 [main] DEBUG io.netty.util.internal.PlatformDependent - sun.misc.Unsafe: available
19:35:40.779 [main] DEBUG io.netty.util.internal.PlatformDependent - maxDirectMemory: 1042284544 bytes (maybe)
19:35:40.779 [main] DEBUG io.netty.util.internal.PlatformDependent - -Dio.netty.tmpdir: C:\Users\91707\AppData\Local\Temp (java.io.tmpdir)
19:35:40.780 [main] DEBUG io.netty.util.internal.PlatformDependent - -Dio.netty.bitMode: 64 (sun.arch.data.model)
19:35:40.780 [main] DEBUG io.netty.util.internal.PlatformDependent - Platform: Windows
19:35:40.781 [main] DEBUG io.netty.util.internal.PlatformDependent - -Dio.netty.maxDirectMemory: -1 bytes
19:35:40.781 [main] DEBUG io.netty.util.internal.PlatformDependent - -Dio.netty.uninitializedArrayAllocationThreshold: -1
19:35:40.782 [main] DEBUG io.netty.util.internal.CleanerJava9 - java.nio.ByteBuffer.cleaner(): available
19:35:40.783 [main] DEBUG io.netty.util.internal.PlatformDependent - -Dio.netty.noPreferDirect: false
19:35:40.790 [main] DEBUG io.netty.util.internal.PlatformDependent - org.jctools-core.MpscChunkedArrayQueue: available
19:35:40.812 [main] DEBUG io.netty.util.internal.InternalThreadLocalMap - -Dio.netty.threadLocalMap.stringBuilder.initialSize: 1024
19:35:40.812 [main] DEBUG io.netty.util.internal.InternalThreadLocalMap - -Dio.netty.threadLocalMap.stringBuilder.maxSize: 4096
19:35:40.859 [main] DEBUG io.netty.handler.ssl.JdkSslContext - Default protocols (JDK): [TLSv1.3, TLSv1.2] 
19:35:40.860 [main] DEBUG io.netty.handler.ssl.JdkSslContext - Default cipher suites (JDK): [TLS_ECDHE_ECDSA_WITH_AES_256_GCM_SHA384, TLS_ECDHE_ECDSA_WITH_AES_128_GCM_SHA256, TLS_ECDHE_RSA_WITH_AES_128_GCM_SHA256, TLS_ECDHE_RSA_WITH_AES_256_GCM_SHA384, TLS_ECDHE_RSA_WITH_AES_128_CBC_SHA, TLS_ECDHE_RSA_WITH_AES_256_CBC_SHA, TLS_RSA_WITH_AES_128_GCM_SHA256, TLS_RSA_WITH_AES_128_CBC_SHA, TLS_RSA_WITH_AES_256_CBC_SHA, TLS_AES_128_GCM_SHA256, TLS_AES_256_GCM_SHA384]
19:35:40.881 [main] DEBUG io.netty.channel.MultithreadEventLoopGroup - -Dio.netty.eventLoopThreads: 8
19:35:40.890 [main] DEBUG io.netty.channel.nio.NioEventLoop - -Dio.netty.noKeySetOptimization: false
19:35:40.890 [main] DEBUG io.netty.channel.nio.NioEventLoop - -Dio.netty.selectorAutoRebuildThreshold: 512
19:35:40.930 [main] DEBUG io.netty.buffer.PooledByteBufAllocator - -Dio.netty.allocator.numHeapArenas: 8
19:35:40.930 [main] DEBUG io.netty.buffer.PooledByteBufAllocator - -Dio.netty.allocator.numDirectArenas: 8
19:35:40.930 [main] DEBUG io.netty.buffer.PooledByteBufAllocator - -Dio.netty.allocator.pageSize: 8192
19:35:40.930 [main] DEBUG io.netty.buffer.PooledByteBufAllocator - -Dio.netty.allocator.maxOrder: 11
19:35:40.930 [main] DEBUG io.netty.buffer.PooledByteBufAllocator - -Dio.netty.allocator.chunkSize: 16777216
19:35:40.931 [main] DEBUG io.netty.buffer.PooledByteBufAllocator - -Dio.netty.allocator.smallCacheSize: 256
19:35:40.931 [main] DEBUG io.netty.buffer.PooledByteBufAllocator - -Dio.netty.allocator.normalCacheSize: 64
19:35:40.931 [main] DEBUG io.netty.buffer.PooledByteBufAllocator - -Dio.netty.allocator.maxCachedBufferCapacity: 32768
19:35:40.931 [main] DEBUG io.netty.buffer.PooledByteBufAllocator - -Dio.netty.allocator.cacheTrimInterval: 8192
19:35:40.931 [main] DEBUG io.netty.buffer.PooledByteBufAllocator - -Dio.netty.allocator.cacheTrimIntervalMillis: 0
19:35:40.931 [main] DEBUG io.netty.buffer.PooledByteBufAllocator - -Dio.netty.allocator.useCacheForAllThreads: true
19:35:40.931 [main] DEBUG io.netty.buffer.PooledByteBufAllocator - -Dio.netty.allocator.maxCachedByteBuffersPerChunk: 1023
19:35:40.939 [main] DEBUG io.netty.buffer.ByteBufUtil - -Dio.netty.allocator.type: pooled
19:35:40.939 [main] DEBUG io.netty.buffer.ByteBufUtil - -Dio.netty.threadLocalDirectBufferSize: 0
19:35:40.940 [main] DEBUG io.netty.buffer.ByteBufUtil - -Dio.netty.maxThreadLocalCharBufferSize: 16384
19:35:41.653 [Forwarding newSession on session null to remote] DEBUG io.netty.channel.DefaultChannelId - -Dio.netty.processId: 9004 (auto-detected)
19:35:41.656 [Forwarding newSession on session null to remote] DEBUG io.netty.util.NetUtil - -Djava.net.preferIPv4Stack: false
19:35:41.657 [Forwarding newSession on session null to remote] DEBUG io.netty.util.NetUtil - -Djava.net.preferIPv6Addresses: false
19:35:41.672 [Forwarding newSession on session null to remote] DEBUG io.netty.util.NetUtilInitializations - Loopback interface: lo (Software Loopback Interface 1, 127.0.0.1)
19:35:41.673 [Forwarding newSession on session null to remote] DEBUG io.netty.util.NetUtil - Failed to get SOMAXCONN from sysctl and file \proc\sys\net\core\somaxconn. Default: 200
19:35:41.701 [Forwarding newSession on session null to remote] DEBUG io.netty.channel.DefaultChannelId - -Dio.netty.machineId: 34:7d:f6:ff:fe:eb:94:2f (auto-detected)
19:35:41.759 [AsyncHttpClient-1-2] DEBUG io.netty.buffer.AbstractByteBuf - -Dio.netty.buffer.checkAccessible: true
19:35:41.759 [AsyncHttpClient-1-2] DEBUG io.netty.buffer.AbstractByteBuf - -Dio.netty.buffer.checkBounds: true
19:35:41.760 [AsyncHttpClient-1-2] DEBUG io.netty.util.ResourceLeakDetectorFactory - Loaded default ResourceLeakDetector: io.netty.util.ResourceLeakDetector@2b23b7f0
19:35:41.785 [AsyncHttpClient-1-2] DEBUG io.netty.util.Recycler - -Dio.netty.recycler.maxCapacityPerThread: 4096
19:35:41.785 [AsyncHttpClient-1-2] DEBUG io.netty.util.Recycler - -Dio.netty.recycler.maxSharedCapacityFactor: 2
19:35:41.785 [AsyncHttpClient-1-2] DEBUG io.netty.util.Recycler - -Dio.netty.recycler.linkCapacity: 16
19:35:41.785 [AsyncHttpClient-1-2] DEBUG io.netty.util.Recycler - -Dio.netty.recycler.ratio: 8
19:35:41.785 [AsyncHttpClient-1-2] DEBUG io.netty.util.Recycler - -Dio.netty.recycler.delayedQueue.ratio: 8
19:35:43.367 [AsyncHttpClient-1-2] DEBUG io.netty.handler.codec.compression.Brotli - brotli4j not in the classpath; Brotli support will be unavailable.
19:35:43.683 [main] DEBUG io.netty.util.internal.ThreadLocalRandom - -Dio.netty.initialSeedUniquifier: 0xa0b58e09c8606a5f
19:35:43.815 [main] INFO  testcase.TC_001_AccountRegistration - Starting the Test case TC_001_AccountRegistration ...
19:35:43.816 [main] DEBUG testcase.TC_001_AccountRegistration - Debugging the test.....
19:35:43.816 [main] INFO  testcase.TC_001_AccountRegistration - openning URL....
19:35:47.422 [main] INFO  testcase.TC_001_AccountRegistration - clcking on MyAccount Link ....
19:35:48.073 [main] INFO  testcase.TC_001_AccountRegistration - Clicking the Register link....
19:35:49.530 [main] INFO  testcase.TC_001_AccountRegistration - Providing urs Details....
19:35:53.123 [main] ERROR testcase.TC_001_AccountRegistration - Account Registration Failed
19:37:18.685 [main] DEBUG io.netty.util.internal.logging.InternalLoggerFactory - Using Log4J2 as the default logging framework
19:37:18.692 [main] DEBUG io.netty.util.ResourceLeakDetector - -Dio.netty.leakDetection.level: simple
19:37:18.692 [main] DEBUG io.netty.util.ResourceLeakDetector - -Dio.netty.leakDetection.targetRecords: 4
19:37:18.702 [main] DEBUG io.netty.util.ResourceLeakDetectorFactory - Loaded default ResourceLeakDetector: io.netty.util.ResourceLeakDetector@42f9c19a
19:37:18.721 [main] DEBUG io.netty.util.internal.PlatformDependent0 - -Dio.netty.noUnsafe: false
19:37:18.721 [main] DEBUG io.netty.util.internal.PlatformDependent0 - Java version: 16
19:37:18.722 [main] DEBUG io.netty.util.internal.PlatformDependent0 - sun.misc.Unsafe.theUnsafe: available
19:37:18.722 [main] DEBUG io.netty.util.internal.PlatformDependent0 - sun.misc.Unsafe.copyMemory: available
19:37:18.723 [main] DEBUG io.netty.util.internal.PlatformDependent0 - java.nio.Buffer.address: available
19:37:18.723 [main] DEBUG io.netty.util.internal.PlatformDependent0 - direct buffer constructor: unavailable: Reflective setAccessible(true) disabled
19:37:18.724 [main] DEBUG io.netty.util.internal.PlatformDependent0 - java.nio.Bits.unaligned: available, true
19:37:18.725 [main] DEBUG io.netty.util.internal.PlatformDependent0 - jdk.internal.misc.Unsafe.allocateUninitializedArray(int): unavailable: class io.netty.util.internal.PlatformDependent0$6 cannot access class jdk.internal.misc.Unsafe (in module java.base) because module java.base does not export jdk.internal.misc to unnamed module @42e26948
19:37:18.726 [main] DEBUG io.netty.util.internal.PlatformDependent0 - java.nio.DirectByteBuffer.<init>(long, int): unavailable
19:37:18.726 [main] DEBUG io.netty.util.internal.PlatformDependent - sun.misc.Unsafe: available
19:37:18.727 [main] DEBUG io.netty.util.internal.PlatformDependent - maxDirectMemory: 1042284544 bytes (maybe)
19:37:18.727 [main] DEBUG io.netty.util.internal.PlatformDependent - -Dio.netty.tmpdir: C:\Users\91707\AppData\Local\Temp (java.io.tmpdir)
19:37:18.727 [main] DEBUG io.netty.util.internal.PlatformDependent - -Dio.netty.bitMode: 64 (sun.arch.data.model)
19:37:18.728 [main] DEBUG io.netty.util.internal.PlatformDependent - Platform: Windows
19:37:18.728 [main] DEBUG io.netty.util.internal.PlatformDependent - -Dio.netty.maxDirectMemory: -1 bytes
19:37:18.728 [main] DEBUG io.netty.util.internal.PlatformDependent - -Dio.netty.uninitializedArrayAllocationThreshold: -1
19:37:18.729 [main] DEBUG io.netty.util.internal.CleanerJava9 - java.nio.ByteBuffer.cleaner(): available
19:37:18.729 [main] DEBUG io.netty.util.internal.PlatformDependent - -Dio.netty.noPreferDirect: false
19:37:18.736 [main] DEBUG io.netty.util.internal.PlatformDependent - org.jctools-core.MpscChunkedArrayQueue: available
19:37:18.752 [main] DEBUG io.netty.util.internal.InternalThreadLocalMap - -Dio.netty.threadLocalMap.stringBuilder.initialSize: 1024
19:37:18.752 [main] DEBUG io.netty.util.internal.InternalThreadLocalMap - -Dio.netty.threadLocalMap.stringBuilder.maxSize: 4096
19:37:18.797 [main] DEBUG io.netty.handler.ssl.JdkSslContext - Default protocols (JDK): [TLSv1.3, TLSv1.2] 
19:37:18.798 [main] DEBUG io.netty.handler.ssl.JdkSslContext - Default cipher suites (JDK): [TLS_ECDHE_ECDSA_WITH_AES_256_GCM_SHA384, TLS_ECDHE_ECDSA_WITH_AES_128_GCM_SHA256, TLS_ECDHE_RSA_WITH_AES_128_GCM_SHA256, TLS_ECDHE_RSA_WITH_AES_256_GCM_SHA384, TLS_ECDHE_RSA_WITH_AES_128_CBC_SHA, TLS_ECDHE_RSA_WITH_AES_256_CBC_SHA, TLS_RSA_WITH_AES_128_GCM_SHA256, TLS_RSA_WITH_AES_128_CBC_SHA, TLS_RSA_WITH_AES_256_CBC_SHA, TLS_AES_128_GCM_SHA256, TLS_AES_256_GCM_SHA384]
19:37:18.822 [main] DEBUG io.netty.channel.MultithreadEventLoopGroup - -Dio.netty.eventLoopThreads: 8
19:37:18.832 [main] DEBUG io.netty.channel.nio.NioEventLoop - -Dio.netty.noKeySetOptimization: false
19:37:18.832 [main] DEBUG io.netty.channel.nio.NioEventLoop - -Dio.netty.selectorAutoRebuildThreshold: 512
19:37:18.868 [main] DEBUG io.netty.buffer.PooledByteBufAllocator - -Dio.netty.allocator.numHeapArenas: 8
19:37:18.868 [main] DEBUG io.netty.buffer.PooledByteBufAllocator - -Dio.netty.allocator.numDirectArenas: 8
19:37:18.868 [main] DEBUG io.netty.buffer.PooledByteBufAllocator - -Dio.netty.allocator.pageSize: 8192
19:37:18.869 [main] DEBUG io.netty.buffer.PooledByteBufAllocator - -Dio.netty.allocator.maxOrder: 11
19:37:18.869 [main] DEBUG io.netty.buffer.PooledByteBufAllocator - -Dio.netty.allocator.chunkSize: 16777216
19:37:18.869 [main] DEBUG io.netty.buffer.PooledByteBufAllocator - -Dio.netty.allocator.smallCacheSize: 256
19:37:18.869 [main] DEBUG io.netty.buffer.PooledByteBufAllocator - -Dio.netty.allocator.normalCacheSize: 64
19:37:18.870 [main] DEBUG io.netty.buffer.PooledByteBufAllocator - -Dio.netty.allocator.maxCachedBufferCapacity: 32768
19:37:18.870 [main] DEBUG io.netty.buffer.PooledByteBufAllocator - -Dio.netty.allocator.cacheTrimInterval: 8192
19:37:18.870 [main] DEBUG io.netty.buffer.PooledByteBufAllocator - -Dio.netty.allocator.cacheTrimIntervalMillis: 0
19:37:18.870 [main] DEBUG io.netty.buffer.PooledByteBufAllocator - -Dio.netty.allocator.useCacheForAllThreads: true
19:37:18.870 [main] DEBUG io.netty.buffer.PooledByteBufAllocator - -Dio.netty.allocator.maxCachedByteBuffersPerChunk: 1023
19:37:18.878 [main] DEBUG io.netty.buffer.ByteBufUtil - -Dio.netty.allocator.type: pooled
19:37:18.878 [main] DEBUG io.netty.buffer.ByteBufUtil - -Dio.netty.threadLocalDirectBufferSize: 0
19:37:18.879 [main] DEBUG io.netty.buffer.ByteBufUtil - -Dio.netty.maxThreadLocalCharBufferSize: 16384
19:37:19.634 [Forwarding newSession on session null to remote] DEBUG io.netty.channel.DefaultChannelId - -Dio.netty.processId: 9108 (auto-detected)
19:37:19.637 [Forwarding newSession on session null to remote] DEBUG io.netty.util.NetUtil - -Djava.net.preferIPv4Stack: false
19:37:19.637 [Forwarding newSession on session null to remote] DEBUG io.netty.util.NetUtil - -Djava.net.preferIPv6Addresses: false
19:37:19.649 [Forwarding newSession on session null to remote] DEBUG io.netty.util.NetUtilInitializations - Loopback interface: lo (Software Loopback Interface 1, 127.0.0.1)
19:37:19.650 [Forwarding newSession on session null to remote] DEBUG io.netty.util.NetUtil - Failed to get SOMAXCONN from sysctl and file \proc\sys\net\core\somaxconn. Default: 200
19:37:19.676 [Forwarding newSession on session null to remote] DEBUG io.netty.channel.DefaultChannelId - -Dio.netty.machineId: 34:7d:f6:ff:fe:eb:94:2f (auto-detected)
19:37:19.750 [AsyncHttpClient-1-2] DEBUG io.netty.buffer.AbstractByteBuf - -Dio.netty.buffer.checkAccessible: true
19:37:19.751 [AsyncHttpClient-1-2] DEBUG io.netty.buffer.AbstractByteBuf - -Dio.netty.buffer.checkBounds: true
19:37:19.752 [AsyncHttpClient-1-2] DEBUG io.netty.util.ResourceLeakDetectorFactory - Loaded default ResourceLeakDetector: io.netty.util.ResourceLeakDetector@66d273b2
19:37:19.782 [AsyncHttpClient-1-2] DEBUG io.netty.util.Recycler - -Dio.netty.recycler.maxCapacityPerThread: 4096
19:37:19.782 [AsyncHttpClient-1-2] DEBUG io.netty.util.Recycler - -Dio.netty.recycler.maxSharedCapacityFactor: 2
19:37:19.782 [AsyncHttpClient-1-2] DEBUG io.netty.util.Recycler - -Dio.netty.recycler.linkCapacity: 16
19:37:19.782 [AsyncHttpClient-1-2] DEBUG io.netty.util.Recycler - -Dio.netty.recycler.ratio: 8
19:37:19.782 [AsyncHttpClient-1-2] DEBUG io.netty.util.Recycler - -Dio.netty.recycler.delayedQueue.ratio: 8
19:37:20.908 [AsyncHttpClient-1-2] DEBUG io.netty.handler.codec.compression.Brotli - brotli4j not in the classpath; Brotli support will be unavailable.
19:37:21.202 [main] DEBUG io.netty.util.internal.ThreadLocalRandom - -Dio.netty.initialSeedUniquifier: 0x9c590972c5557d1d
19:37:21.342 [main] INFO  testcase.TC_001_AccountRegistration - Starting the Test case TC_001_AccountRegistration ...
19:37:21.344 [main] DEBUG testcase.TC_001_AccountRegistration - Debugging the test.....
19:37:21.344 [main] INFO  testcase.TC_001_AccountRegistration - openning URL....
19:37:24.946 [main] INFO  testcase.TC_001_AccountRegistration - clcking on MyAccount Link ....
19:37:25.214 [main] INFO  testcase.TC_001_AccountRegistration - Clicking the Register link....
19:37:26.858 [main] INFO  testcase.TC_001_AccountRegistration - Providing urs Details....
19:37:30.495 [main] INFO  testcase.TC_001_AccountRegistration - Account Registration success...
19:37:30.498 [main] INFO  testcase.TC_001_AccountRegistration - Finished test case.....
10:05:45.727 [main] INFO  testcase.TC_001_AccountRegistration - Starting the Test case TC_001_AccountRegistration ...
10:05:45.757 [main] INFO  testcase.TC_001_AccountRegistration - openning URL....
10:05:49.411 [main] INFO  testcase.TC_001_AccountRegistration - clcking on MyAccount Link ....
10:05:50.991 [main] INFO  testcase.TC_001_AccountRegistration - Clicking the Register link....
10:05:53.712 [main] INFO  testcase.TC_001_AccountRegistration - Providing urs Details....
10:05:57.563 [main] INFO  testcase.TC_001_AccountRegistration - Account Registration success...
10:05:57.566 [main] INFO  testcase.TC_001_AccountRegistration - Finished test case.....
10:33:17.343 [main] INFO  testcase.TC_001_AccountRegistration - Starting the Test case TC_001_AccountRegistration ...
10:33:17.353 [main] INFO  testcase.TC_001_AccountRegistration - openning URL....
10:33:20.094 [main] INFO  testcase.TC_001_AccountRegistration - clcking on MyAccount Link ....
10:33:20.416 [main] INFO  testcase.TC_001_AccountRegistration - Clicking the Register link....
10:33:21.909 [main] INFO  testcase.TC_001_AccountRegistration - Providing urs Details....
10:33:25.094 [main] INFO  testcase.TC_001_AccountRegistration - Account Registration success...
10:33:25.101 [main] INFO  testcase.TC_001_AccountRegistration - Finished test case.....
10:34:32.850 [main] INFO  testcases.TC_001_AccountRegistration - Starting the Test case TC_001_AccountRegistration ...
10:34:32.855 [main] INFO  testcases.TC_001_AccountRegistration - openning URL....
10:34:35.892 [main] INFO  testcases.TC_001_AccountRegistration - clcking on MyAccount Link ....
10:34:36.172 [main] INFO  testcases.TC_001_AccountRegistration - Clicking the Register link....
10:34:37.518 [main] INFO  testcases.TC_001_AccountRegistration - Providing urs Details....
11:00:19.027 [main] INFO  testcases.TC_001_AccountRegistration - Starting the Test case TC_001_AccountRegistration ...
11:00:19.103 [main] INFO  testcases.TC_001_AccountRegistration - openning URL....
11:04:20.701 [main] INFO  testcases.TC_001_AccountRegistration - Lanced chrome Browser
11:04:20.770 [main] INFO  testcases.TC_001_AccountRegistration - Starting the Test case TC_001_AccountRegistration ...
11:04:20.770 [main] INFO  testcases.TC_001_AccountRegistration - openning URL....
11:04:24.526 [main] INFO  testcases.TC_001_AccountRegistration - clcking on MyAccount Link ....
11:04:25.186 [main] INFO  testcases.TC_001_AccountRegistration - Clicking the Register link....
11:04:27.344 [main] INFO  testcases.TC_001_AccountRegistration - Providing urs Details....
11:04:31.234 [main] INFO  testcases.TC_001_AccountRegistration - Account Registration success...
11:04:31.238 [main] INFO  testcases.TC_001_AccountRegistration - Finished test case.....
12:16:16.015 [TestNG-tests-1] INFO  testcases.TC_001_AccountRegistration - Lanced chrome Browser
12:16:16.457 [TestNG-tests-1] INFO  testcases.TC_001_AccountRegistration - Starting the Test case TC_001_AccountRegistration ...
12:16:16.457 [TestNG-tests-1] INFO  testcases.TC_001_AccountRegistration - openning URL....
12:16:19.366 [TestNG-tests-1] INFO  testcases.TC_001_AccountRegistration - clcking on MyAccount Link ....
12:16:19.461 [TestNG-tests-1] INFO  testcases.TC_001_AccountRegistration - Clicking the Register link....
12:16:21.537 [TestNG-tests-1] INFO  testcases.TC_001_AccountRegistration - Providing urs Details....
12:16:25.251 [TestNG-tests-1] INFO  testcases.TC_001_AccountRegistration - Account Registration success...
12:16:25.253 [TestNG-tests-1] INFO  testcases.TC_001_AccountRegistration - Finished test case.....
12:16:53.702 [TestNG-tests-2] INFO  testcases.TC_001_AccountRegistration - Lanced EdgeDriver Browser
12:16:53.707 [TestNG-tests-2] INFO  testcases.TC_001_AccountRegistration - Starting the Test case TC_001_AccountRegistration ...
12:16:53.707 [TestNG-tests-2] INFO  testcases.TC_001_AccountRegistration - openning URL....
12:16:57.620 [TestNG-tests-2] INFO  testcases.TC_001_AccountRegistration - clcking on MyAccount Link ....
12:16:58.444 [TestNG-tests-2] INFO  testcases.TC_001_AccountRegistration - Clicking the Register link....
12:17:00.361 [TestNG-tests-2] INFO  testcases.TC_001_AccountRegistration - Providing urs Details....
12:17:05.478 [TestNG-tests-2] INFO  testcases.TC_001_AccountRegistration - Account Registration success...
12:17:05.478 [TestNG-tests-2] INFO  testcases.TC_001_AccountRegistration - Finished test case.....
12:20:39.492 [TestNG-tests-2] INFO  testcases.TC_001_AccountRegistration - Lanced EdgeDriver Browser
12:20:39.522 [TestNG-tests-2] INFO  testcases.TC_001_AccountRegistration - Starting the Test case TC_001_AccountRegistration ...
12:20:39.523 [TestNG-tests-2] INFO  testcases.TC_001_AccountRegistration - openning URL....
12:20:41.561 [TestNG-tests-1] INFO  testcases.TC_001_AccountRegistration - Lanced chrome Browser
12:20:41.567 [TestNG-tests-1] INFO  testcases.TC_001_AccountRegistration - Starting the Test case TC_001_AccountRegistration ...
12:20:41.567 [TestNG-tests-1] INFO  testcases.TC_001_AccountRegistration - openning URL....
12:20:44.785 [TestNG-tests-1] INFO  testcases.TC_001_AccountRegistration - clcking on MyAccount Link ....
12:20:46.392 [TestNG-tests-2] INFO  testcases.TC_001_AccountRegistration - clcking on MyAccount Link ....
12:20:46.517 [TestNG-tests-2] INFO  testcases.TC_001_AccountRegistration - Clicking the Register link....
12:20:46.886 [TestNG-tests-1] INFO  testcases.TC_001_AccountRegistration - Clicking the Register link....
12:20:48.082 [TestNG-tests-2] INFO  testcases.TC_001_AccountRegistration - Providing urs Details....
12:20:51.624 [TestNG-tests-2] INFO  testcases.TC_001_AccountRegistration - Account Registration success...
12:20:51.625 [TestNG-tests-2] INFO  testcases.TC_001_AccountRegistration - Finished test case.....
12:20:52.637 [TestNG-tests-1] INFO  testcases.TC_001_AccountRegistration - Providing urs Details....
12:20:58.122 [TestNG-tests-1] INFO  testcases.TC_001_AccountRegistration - Account Registration success...
12:20:58.122 [TestNG-tests-1] INFO  testcases.TC_001_AccountRegistration - Finished test case.....
12:22:08.304 [TestNG-tests-1] INFO  testcases.TC_001_AccountRegistration - Lanced chrome Browser
12:22:08.304 [TestNG-tests-2] INFO  testcases.TC_001_AccountRegistration - Lanced EdgeDriver Browser
12:22:08.344 [TestNG-tests-1] INFO  testcases.TC_001_AccountRegistration - Starting the Test case TC_001_AccountRegistration ...
12:22:08.345 [TestNG-tests-1] INFO  testcases.TC_001_AccountRegistration - openning URL....
12:22:08.345 [TestNG-tests-2] INFO  testcases.TC_001_AccountRegistration - Starting the Test case TC_001_AccountRegistration ...
12:22:08.345 [TestNG-tests-2] INFO  testcases.TC_001_AccountRegistration - openning URL....
12:22:12.054 [TestNG-tests-1] INFO  testcases.TC_001_AccountRegistration - clcking on MyAccount Link ....
12:22:12.218 [TestNG-tests-2] INFO  testcases.TC_001_AccountRegistration - clcking on MyAccount Link ....
12:22:12.434 [TestNG-tests-1] INFO  testcases.TC_001_AccountRegistration - Clicking the Register link....
12:22:12.672 [TestNG-tests-2] INFO  testcases.TC_001_AccountRegistration - Clicking the Register link....
12:22:14.088 [TestNG-tests-1] INFO  testcases.TC_001_AccountRegistration - Providing urs Details....
12:22:14.150 [TestNG-tests-2] INFO  testcases.TC_001_AccountRegistration - Providing urs Details....
12:22:17.319 [TestNG-tests-2] INFO  testcases.TC_001_AccountRegistration - Account Registration success...
12:22:17.321 [TestNG-tests-1] INFO  testcases.TC_001_AccountRegistration - Account Registration success...
12:22:17.321 [TestNG-tests-2] INFO  testcases.TC_001_AccountRegistration - Finished test case.....
12:22:17.321 [TestNG-tests-1] INFO  testcases.TC_001_AccountRegistration - Finished test case.....
